0 info it worked if it ends with ok
1 verbose cli [ '/usr/local/Cellar/node/7.4.0/bin/node',
1 verbose cli   '/usr/local/bin/npm',
1 verbose cli   'run',
1 verbose cli   'webpack' ]
2 info using npm@4.0.5
3 info using node@v7.4.0
4 verbose run-script [ 'prewebpack', 'webpack', 'postwebpack' ]
5 info lifecycle avoid-the-meters@1.0.0~prewebpack: avoid-the-meters@1.0.0
6 silly lifecycle avoid-the-meters@1.0.0~prewebpack: no script for prewebpack, continuing
7 info lifecycle avoid-the-meters@1.0.0~webpack: avoid-the-meters@1.0.0
8 verbose lifecycle avoid-the-meters@1.0.0~webpack: unsafe-perm in lifecycle true
9 verbose lifecycle avoid-the-meters@1.0.0~webpack: PATH: /usr/local/lib/node_modules/npm/bin/node-gyp-bin:/Users/Sylvan/Documents/lg/hackathon/avoid-the-meters/node_modules/.bin:/Users/Sylvan/Documents/lg/hackathon/avoid-the-meters/node_modules/.bin:/Users/Sylvan/.config/yarn/link/node_modules/.bin:/Users/Sylvan/Documents/lg/hackathon/avoid-the-meters/node_modules/.bin:/Users/Sylvan/.config/yarn/link/node_modules/.bin:/usr/local/lib/node_modules/yarn/bin/node-gyp-bin:/usr/local/bin:/usr/bin:/bin:/usr/sbin:/sbin:/Applications/Postgres.app/Contents/Versions/latest/bin:./node_modules/.bin
10 verbose lifecycle avoid-the-meters@1.0.0~webpack: CWD: /Users/Sylvan/Documents/lg/hackathon/avoid-the-meters
11 silly lifecycle avoid-the-meters@1.0.0~webpack: Args: [ '-c', 'webpack --colors --progress -w' ]
12 silly lifecycle avoid-the-meters@1.0.0~webpack: Returned: code: 1  signal: null
13 info lifecycle avoid-the-meters@1.0.0~webpack: Failed to exec webpack script
14 verbose stack Error: avoid-the-meters@1.0.0 webpack: `webpack --colors --progress -w`
14 verbose stack Exit status 1
14 verbose stack     at EventEmitter.<anonymous> (/usr/local/lib/node_modules/npm/lib/utils/lifecycle.js:279:16)
14 verbose stack     at emitTwo (events.js:106:13)
14 verbose stack     at EventEmitter.emit (events.js:191:7)
14 verbose stack     at ChildProcess.<anonymous> (/usr/local/lib/node_modules/npm/lib/utils/spawn.js:40:14)
14 verbose stack     at emitTwo (events.js:106:13)
14 verbose stack     at ChildProcess.emit (events.js:191:7)
14 verbose stack     at maybeClose (internal/child_process.js:885:16)
14 verbose stack     at Process.ChildProcess._handle.onexit (internal/child_process.js:226:5)
15 verbose pkgid avoid-the-meters@1.0.0
16 verbose cwd /Users/Sylvan/Documents/lg/hackathon/avoid-the-meters
17 error Darwin 16.3.0
18 error argv "/usr/local/Cellar/node/7.4.0/bin/node" "/usr/local/bin/npm" "run" "webpack"
19 error node v7.4.0
20 error npm  v4.0.5
21 error code ELIFECYCLE
22 error avoid-the-meters@1.0.0 webpack: `webpack --colors --progress -w`
22 error Exit status 1
23 error Failed at the avoid-the-meters@1.0.0 webpack script 'webpack --colors --progress -w'.
23 error Make sure you have the latest version of node.js and npm installed.
23 error If you do, this is most likely a problem with the avoid-the-meters package,
23 error not with npm itself.
23 error Tell the author that this fails on your system:
23 error     webpack --colors --progress -w
23 error You can get information on how to open an issue for this project with:
23 error     npm bugs avoid-the-meters
23 error Or if that isn't available, you can get their info via:
23 error     npm owner ls avoid-the-meters
23 error There is likely additional logging output above.
24 verbose exit [ 1, true ]
